

Microchip Technology PIC18 LITE Macro Assembler V1.34 build -361300703 
                                                                                               Thu Sep 02 09:56:03 2021

Microchip Technology Omniscient Code Generator (Lite mode) build 201502162209
     1                           	processor	18F4620
     2                           	fnconf	rparam,??,?,0
     3                           	opt	pw 120
     4                           	opt	lm
     5                           	psect	text0,global,reloc=2,class=CODE,delta=1
     6                           	psect	cinit,global,reloc=2,class=CODE,delta=1
     7                           	psect	cstackCOMRAM,global,class=COMRAM,space=1,delta=1
     8                           	psect	intsave_regs,global,class=BIGRAM,space=1,delta=1
     9                           	psect	rparam,global,class=COMRAM,space=1,delta=1
    10  0000                     _ADCON1	set	4033
    11  0000                     _PORTA	set	3968
    12  0000                     _PORTB	set	3969
    13  0000                     _TRISA	set	3986
    14  0000                     _TRISB	set	3987
    15                           
    16 ;;
    17 ;;Main: autosize = 0, tempsize = 0, incstack = 0, save=0
    18 ;;
    19 ;; *************** function _main *****************
    20 ;; Defined at:
    21 ;;		line 13 in file "Lab2p1.c"
    22 ;; Parameters:    Size  Location     Type
    23 ;;		None
    24 ;; Auto vars:     Size  Location     Type
    25 ;;  in              1    0[COMRAM] unsigned char 
    26 ;; Return value:  Size  Location     Type
    27 ;;		None               void
    28 ;; Registers used:
    29 ;;		wreg, status,2
    30 ;; Tracked objects:
    31 ;;		On entry : 0/0
    32 ;;		On exit  : 0/0
    33 ;;		Unchanged: 0/0
    34 ;; Data sizes:     COMRAM   BANK0   BANK1   BANK2   BANK3   BANK4   BANK5   BANK6   BANK7   BANK8   BANK9  BANK10  BANK1
      +1  BANK12  BANK13  BANK14  BANK15
    35 ;;      Params:         0       0       0       0       0       0       0       0       0       0       0       0       
      +0       0       0       0       0
    36 ;;      Locals:         1       0       0       0       0       0       0       0       0       0       0       0       
      +0       0       0       0       0
    37 ;;      Temps:          0       0       0       0       0       0       0       0       0       0       0       0       
      +0       0       0       0       0
    38 ;;      Totals:         1       0       0       0       0       0       0       0       0       0       0       0       
      +0       0       0       0       0
    39 ;;Total ram usage:        1 bytes
    40 ;; This function calls:
    41 ;;		Nothing
    42 ;; This function is called by:
    43 ;;		Startup code after reset
    44 ;; This function uses a non-reentrant model
    45 ;;
    46                           
    47                           	psect	text0
    48  00FFE6                     __ptext0:
    49                           	opt stack 0
    50  00FFE6                     _main:
    51                           	opt stack 31
    52                           
    53                           ;Lab2p1.c: 16: char in;
    54                           ;Lab2p1.c: 18: TRISA = 0xFF;
    55                           
    56                           ;incstack = 0
    57  00FFE6  6892               	setf	3986,c	;volatile
    58                           
    59                           ;Lab2p1.c: 19: TRISB = 0x00;
    60  00FFE8  0E00               	movlw	0
    61  00FFEA  6E93               	movwf	3987,c	;volatile
    62                           
    63                           ;Lab2p1.c: 20: ADCON1 = 0x0F;
    64  00FFEC  0E0F               	movlw	15
    65  00FFEE  6EC1               	movwf	4033,c	;volatile
    66  00FFF0  D000               	goto	l602
    67  00FFF2                     l602:
    68                           
    69                           ;Lab2p1.c: 23: {
    70                           ;Lab2p1.c: 24: in = PORTA;
    71  00FFF2  CF80 F001          	movff	3968,main@in	;volatile
    72                           
    73                           ;Lab2p1.c: 26: PORTB = in;
    74  00FFF6  C001  FF81         	movff	main@in,3969	;volatile
    75  00FFFA  D7FB               	goto	l602
    76  00FFFC  EF00  F000         	goto	start
    77  010000                     __end_of_main:
    78                           	opt stack 0
    79  0000                     
    80                           	psect	cinit
    81  00FFE0                     __pcinit:
    82                           	opt stack 0
    83  00FFE0                     start_initialization:
    84                           	opt stack 0
    85  00FFE0                     __initialization:
    86                           	opt stack 0
    87  00FFE0                     end_of_initialization:
    88                           	opt stack 0
    89  00FFE0                     __end_of__initialization:
    90                           	opt stack 0
    91  00FFE0  0100               	movlb	0
    92  00FFE2  EFF3  F07F         	goto	_main	;jump to C main() function
    93                           
    94                           	psect	cstackCOMRAM
    95  000001                     __pcstackCOMRAM:
    96                           	opt stack 0
    97  000001                     main@in:
    98                           	opt stack 0
    99                           
   100                           ; 1 bytes @ 0x0
   101  000001                     	ds	1
   102                           
   103                           	psect	rparam


Data Sizes:
    Strings     0
    Constant    0
    Data        0
    BSS         0
    Persistent  0
    Stack       0

Auto Spaces:
    Space          Size  Autos    Used
    COMRAM          127      1       1
    BANK0           128      0       0
    BANK1           256      0       0
    BANK2           256      0       0
    BANK3           256      0       0
    BANK4           256      0       0
    BANK5           256      0       0
    BANK6           256      0       0
    BANK7           256      0       0
    BANK8           256      0       0
    BANK9           256      0       0
    BANK10          256      0       0
    BANK11          256      0       0
    BANK12          256      0       0
    BANK13          256      0       0
    BANK14          256      0       0
    BANK15          128      0       0

Pointer List with Targets:

    None.

Critical Paths under _main in COMRAM

    None.

Critical Paths under _main in BANK0

    None.

Critical Paths under _main in BANK1

    None.

Critical Paths under _main in BANK2

    None.

Critical Paths under _main in BANK3

    None.

Critical Paths under _main in BANK4

    None.

Critical Paths under _main in BANK5

    None.

Critical Paths under _main in BANK6

    None.

Critical Paths under _main in BANK7

    None.

Critical Paths under _main in BANK8

    None.

Critical Paths under _main in BANK9

    None.

Critical Paths under _main in BANK10

    None.

Critical Paths under _main in BANK11

    None.

Critical Paths under _main in BANK12

    None.

Critical Paths under _main in BANK13

    None.

Critical Paths under _main in BANK14

    None.

Critical Paths under _main in BANK15

    None.

Call Graph Tables:

 ---------------------------------------------------------------------------------
 (Depth) Function   	        Calls       Base Space   Used Autos Params    Refs
 ---------------------------------------------------------------------------------
 (0) _main                                                 1     1      0      15
                                              0 COMRAM     1     1      0
 ---------------------------------------------------------------------------------
 Estimated maximum stack depth 0
 ---------------------------------------------------------------------------------

 Call Graph Graphs:

 _main (ROOT)

 Address spaces:
Name               Size   Autos  Total    Cost      Usage
BITCOMRAM           7F      0       0       0        0.0%
EEDATA             400      0       0       0        0.0%
NULL                 0      0       0       0        0.0%
CODE                 0      0       0       0        0.0%
COMRAM              7F      1       1       1        0.8%
STACK                0      0       0       2        0.0%
DATA                 0      0       0       3        0.0%
BITBANK0            80      0       0       4        0.0%
BANK0               80      0       0       5        0.0%
BITBANK1           100      0       0       6        0.0%
BANK1              100      0       0       7        0.0%
BITBANK2           100      0       0       8        0.0%
BANK2              100      0       0       9        0.0%
BITBANK3           100      0       0      10        0.0%
BANK3              100      0       0      11        0.0%
BITBANK4           100      0       0      12        0.0%
BANK4              100      0       0      13        0.0%
BITBANK5           100      0       0      14        0.0%
BANK5              100      0       0      15        0.0%
BITBANK6           100      0       0      16        0.0%
BANK6              100      0       0      17        0.0%
BITBANK7           100      0       0      18        0.0%
BANK7              100      0       0      19        0.0%
BITBANK8           100      0       0      20        0.0%
BANK8              100      0       0      21        0.0%
BITBANK9           100      0       0      22        0.0%
BANK9              100      0       0      23        0.0%
BITBANK10          100      0       0      24        0.0%
BANK10             100      0       0      25        0.0%
BITBANK11          100      0       0      26        0.0%
BANK11             100      0       0      27        0.0%
BITBANK12          100      0       0      28        0.0%
BANK12             100      0       0      29        0.0%
BITBANK13          100      0       0      30        0.0%
BANK13             100      0       0      31        0.0%
BITBANK14          100      0       0      32        0.0%
BANK14             100      0       0      33        0.0%
ABS                  0      0       0      34        0.0%
BITBANK15           80      0       0      35        0.0%
BANK15              80      0       0      36        0.0%
BIGRAM             F7F      0       0      37        0.0%
BITSFR               0      0       0      40        0.0%
SFR                  0      0       0      40        0.0%


Microchip Technology PIC18 Macro Assembler V1.34 build -361300703 
Symbol Table                                                                                   Thu Sep 02 09:56:03 2021

                    l602 FFF2             __CFG_LVP$OFF 000000             __CFG_WDT$OFF 000000  
                   _main FFE6                     start 0000             ___param_bank 000010  
                  ?_main 0001                    _PORTA 000F80                    _PORTB 000F81  
                  _TRISA 000F92                    _TRISB 000F93           __CFG_BOREN$OFF 000000  
        __initialization FFE0             __end_of_main 0000                   ??_main 0001  
          __activetblptr 000000                   _ADCON1 000FC1                   main@in 0001  
             __accesstop 0080  __end_of__initialization FFE0            ___rparam_used 000001  
         __pcstackCOMRAM 0001                  __Hparam 0000                  __Lparam 0000  
                __pcinit FFE0                  __ramtop 1000                  __ptext0 FFE6  
   end_of_initialization FFE0      start_initialization FFE0         __CFG_OSC$INTIO67 000000  
               __Hrparam 0000                 __Lrparam 0000            __size_of_main 001A  
