

Microchip Technology PIC18 LITE Macro Assembler V1.34 build -361300703 
                                                                                               Thu Sep 02 10:41:51 2021

Microchip Technology Omniscient Code Generator (Lite mode) build 201502162209
     1                           	processor	18F4620
     2                           	fnconf	rparam,??,?,0
     3                           	opt	pw 120
     4                           	opt	lm
     5                           	psect	text0,global,reloc=2,class=CODE,delta=1
     6                           	psect	cinit,global,reloc=2,class=CODE,delta=1
     7                           	psect	cstackCOMRAM,global,class=COMRAM,space=1,delta=1
     8                           	psect	intsave_regs,global,class=BIGRAM,space=1,delta=1
     9                           	psect	rparam,global,class=COMRAM,space=1,delta=1
    10  0000                     _ADCON1	set	4033
    11  0000                     _PORTA	set	3968
    12  0000                     _PORTB	set	3969
    13  0000                     _PORTC	set	3970
    14  0000                     _TRISA	set	3986
    15  0000                     _TRISB	set	3987
    16  0000                     _TRISC	set	3988
    17  0000                     _TRISD	set	3989
    18                           
    19 ;;
    20 ;;Main: autosize = 0, tempsize = 0, incstack = 0, save=0
    21 ;;
    22 ;; *************** function _main *****************
    23 ;; Defined at:
    24 ;;		line 18 in file "Lab2p2.c"
    25 ;; Parameters:    Size  Location     Type
    26 ;;		None
    27 ;; Auto vars:     Size  Location     Type
    28 ;;  i               1    0[COMRAM] unsigned char 
    29 ;; Return value:  Size  Location     Type
    30 ;;		None               void
    31 ;; Registers used:
    32 ;;		wreg, status,2
    33 ;; Tracked objects:
    34 ;;		On entry : 0/0
    35 ;;		On exit  : 0/0
    36 ;;		Unchanged: 0/0
    37 ;; Data sizes:     COMRAM   BANK0   BANK1   BANK2   BANK3   BANK4   BANK5   BANK6   BANK7   BANK8   BANK9  BANK10  BANK1
      +1  BANK12  BANK13  BANK14  BANK15
    38 ;;      Params:         0       0       0       0       0       0       0       0       0       0       0       0       
      +0       0       0       0       0
    39 ;;      Locals:         1       0       0       0       0       0       0       0       0       0       0       0       
      +0       0       0       0       0
    40 ;;      Temps:          0       0       0       0       0       0       0       0       0       0       0       0       
      +0       0       0       0       0
    41 ;;      Totals:         1       0       0       0       0       0       0       0       0       0       0       0       
      +0       0       0       0       0
    42 ;;Total ram usage:        1 bytes
    43 ;; This function calls:
    44 ;;		Nothing
    45 ;; This function is called by:
    46 ;;		Startup code after reset
    47 ;; This function uses a non-reentrant model
    48 ;;
    49                           
    50                           	psect	text0
    51  00FFD6                     __ptext0:
    52                           	opt stack 0
    53  00FFD6                     _main:
    54                           	opt stack 31
    55                           
    56                           ;Lab2p2.c: 22: char i;
    57                           ;Lab2p2.c: 24: TRISA = 0xFF;
    58                           
    59                           ;incstack = 0
    60  00FFD6  6892               	setf	3986,c	;volatile
    61                           
    62                           ;Lab2p2.c: 25: TRISB = 0x00;
    63  00FFD8  0E00               	movlw	0
    64  00FFDA  6E93               	movwf	3987,c	;volatile
    65                           
    66                           ;Lab2p2.c: 26: TRISC = 0x00;
    67  00FFDC  0E00               	movlw	0
    68  00FFDE  6E94               	movwf	3988,c	;volatile
    69                           
    70                           ;Lab2p2.c: 27: TRISD = 0x00;
    71  00FFE0  0E00               	movlw	0
    72  00FFE2  6E95               	movwf	3989,c	;volatile
    73                           
    74                           ;Lab2p2.c: 28: ADCON1 = 0x0F;
    75  00FFE4  0E0F               	movlw	15
    76  00FFE6  6EC1               	movwf	4033,c	;volatile
    77                           
    78                           ;Lab2p2.c: 29: PORTB = 0x00;
    79  00FFE8  0E00               	movlw	0
    80  00FFEA  6E81               	movwf	3969,c	;volatile
    81                           
    82                           ;Lab2p2.c: 30: PORTC = 0x00;
    83  00FFEC  0E00               	movlw	0
    84  00FFEE  6E82               	movwf	3970,c	;volatile
    85  00FFF0  D000               	goto	l623
    86  00FFF2                     l623:
    87                           
    88                           ;Lab2p2.c: 32: {
    89                           ;Lab2p2.c: 33: i = PORTA;
    90  00FFF2  CF80 F001          	movff	3968,main@i	;volatile
    91                           
    92                           ;Lab2p2.c: 35: PORTC = i;
    93  00FFF6  C001  FF82         	movff	main@i,3970	;volatile
    94  00FFFA  D7FB               	goto	l623
    95  00FFFC  EF00  F000         	goto	start
    96  010000                     __end_of_main:
    97                           	opt stack 0
    98  0000                     
    99                           	psect	cinit
   100  00FFD0                     __pcinit:
   101                           	opt stack 0
   102  00FFD0                     start_initialization:
   103                           	opt stack 0
   104  00FFD0                     __initialization:
   105                           	opt stack 0
   106  00FFD0                     end_of_initialization:
   107                           	opt stack 0
   108  00FFD0                     __end_of__initialization:
   109                           	opt stack 0
   110  00FFD0  0100               	movlb	0
   111  00FFD2  EFEB  F07F         	goto	_main	;jump to C main() function
   112                           
   113                           	psect	cstackCOMRAM
   114  000001                     __pcstackCOMRAM:
   115                           	opt stack 0
   116  000001                     main@i:
   117                           	opt stack 0
   118                           
   119                           ; 1 bytes @ 0x0
   120  000001                     	ds	1
   121                           
   122                           	psect	rparam


Data Sizes:
    Strings     0
    Constant    0
    Data        0
    BSS         0
    Persistent  0
    Stack       0

Auto Spaces:
    Space          Size  Autos    Used
    COMRAM          127      1       1
    BANK0           128      0       0
    BANK1           256      0       0
    BANK2           256      0       0
    BANK3           256      0       0
    BANK4           256      0       0
    BANK5           256      0       0
    BANK6           256      0       0
    BANK7           256      0       0
    BANK8           256      0       0
    BANK9           256      0       0
    BANK10          256      0       0
    BANK11          256      0       0
    BANK12          256      0       0
    BANK13          256      0       0
    BANK14          256      0       0
    BANK15          128      0       0

Pointer List with Targets:

    None.

Critical Paths under _main in COMRAM

    None.

Critical Paths under _main in BANK0

    None.

Critical Paths under _main in BANK1

    None.

Critical Paths under _main in BANK2

    None.

Critical Paths under _main in BANK3

    None.

Critical Paths under _main in BANK4

    None.

Critical Paths under _main in BANK5

    None.

Critical Paths under _main in BANK6

    None.

Critical Paths under _main in BANK7

    None.

Critical Paths under _main in BANK8

    None.

Critical Paths under _main in BANK9

    None.

Critical Paths under _main in BANK10

    None.

Critical Paths under _main in BANK11

    None.

Critical Paths under _main in BANK12

    None.

Critical Paths under _main in BANK13

    None.

Critical Paths under _main in BANK14

    None.

Critical Paths under _main in BANK15

    None.

Call Graph Tables:

 ---------------------------------------------------------------------------------
 (Depth) Function   	        Calls       Base Space   Used Autos Params    Refs
 ---------------------------------------------------------------------------------
 (0) _main                                                 1     1      0      15
                                              0 COMRAM     1     1      0
 ---------------------------------------------------------------------------------
 Estimated maximum stack depth 0
 ---------------------------------------------------------------------------------

 Call Graph Graphs:

 _main (ROOT)

 Address spaces:
Name               Size   Autos  Total    Cost      Usage
BITCOMRAM           7F      0       0       0        0.0%
EEDATA             400      0       0       0        0.0%
NULL                 0      0       0       0        0.0%
CODE                 0      0       0       0        0.0%
COMRAM              7F      1       1       1        0.8%
STACK                0      0       0       2        0.0%
DATA                 0      0       0       3        0.0%
BITBANK0            80      0       0       4        0.0%
BANK0               80      0       0       5        0.0%
BITBANK1           100      0       0       6        0.0%
BANK1              100      0       0       7        0.0%
BITBANK2           100      0       0       8        0.0%
BANK2              100      0       0       9        0.0%
BITBANK3           100      0       0      10        0.0%
BANK3              100      0       0      11        0.0%
BITBANK4           100      0       0      12        0.0%
BANK4              100      0       0      13        0.0%
BITBANK5           100      0       0      14        0.0%
BANK5              100      0       0      15        0.0%
BITBANK6           100      0       0      16        0.0%
BANK6              100      0       0      17        0.0%
BITBANK7           100      0       0      18        0.0%
BANK7              100      0       0      19        0.0%
BITBANK8           100      0       0      20        0.0%
BANK8              100      0       0      21        0.0%
BITBANK9           100      0       0      22        0.0%
BANK9              100      0       0      23        0.0%
BITBANK10          100      0       0      24        0.0%
BANK10             100      0       0      25        0.0%
BITBANK11          100      0       0      26        0.0%
BANK11             100      0       0      27        0.0%
BITBANK12          100      0       0      28        0.0%
BANK12             100      0       0      29        0.0%
BITBANK13          100      0       0      30        0.0%
BANK13             100      0       0      31        0.0%
BITBANK14          100      0       0      32        0.0%
BANK14             100      0       0      33        0.0%
ABS                  0      0       0      34        0.0%
BITBANK15           80      0       0      35        0.0%
BANK15              80      0       0      36        0.0%
BIGRAM             F7F      0       0      37        0.0%
BITSFR               0      0       0      40        0.0%
SFR                  0      0       0      40        0.0%


Microchip Technology PIC18 Macro Assembler V1.34 build -361300703 
Symbol Table                                                                                   Thu Sep 02 10:41:51 2021

                    l623 FFF2             __CFG_LVP$OFF 000000             __CFG_WDT$OFF 000000  
                   _main FFD6                     start 0000             ___param_bank 000010  
                  ?_main 0001                    _PORTA 000F80                    _PORTB 000F81  
                  _PORTC 000F82                    _TRISA 000F92                    _TRISB 000F93  
                  _TRISC 000F94                    _TRISD 000F95                    main@i 0001  
         __CFG_BOREN$OFF 000000          __initialization FFD0             __end_of_main 0000  
                 ??_main 0001            __activetblptr 000000                   _ADCON1 000FC1  
             __accesstop 0080  __end_of__initialization FFD0            ___rparam_used 000001  
         __pcstackCOMRAM 0001                  __Hparam 0000                  __Lparam 0000  
                __pcinit FFD0                  __ramtop 1000                  __ptext0 FFD6  
   end_of_initialization FFD0      start_initialization FFD0         __CFG_OSC$INTIO67 000000  
               __Hrparam 0000                 __Lrparam 0000            __size_of_main 002A  
