

Microchip Technology PIC18 LITE Macro Assembler V1.34 build -361300703 
                                                                                               Thu Sep 02 10:17:08 2021

Microchip Technology Omniscient Code Generator (Lite mode) build 201502162209
     1                           	processor	18F4620
     2                           	fnconf	rparam,??,?,0
     3                           	opt	pw 120
     4                           	opt	lm
     5                           	psect	text0,global,reloc=2,class=CODE,delta=1
     6                           	psect	cinit,global,reloc=2,class=CODE,delta=1
     7                           	psect	cstackCOMRAM,global,class=COMRAM,space=1,delta=1
     8                           	psect	text1,global,reloc=2,class=CODE,delta=1
     9                           	psect	intsave_regs,global,class=BIGRAM,space=1,delta=1
    10                           	psect	rparam,global,class=COMRAM,space=1,delta=1
    11  0000                     _ADCON1	set	4033
    12  0000                     _PORTB	set	3969
    13  0000                     _PORTC	set	3970
    14  0000                     _PORTD	set	3971
    15  0000                     _TRISA	set	3986
    16  0000                     _TRISB	set	3987
    17  0000                     _TRISC	set	3988
    18  0000                     _TRISD	set	3989
    19                           
    20 ;;
    21 ;;Main: autosize = 0, tempsize = 0, incstack = 0, save=0
    22 ;;
    23 ;; *************** function _main *****************
    24 ;; Defined at:
    25 ;;		line 17 in file "Lab2p3.c"
    26 ;; Parameters:    Size  Location     Type
    27 ;;		None
    28 ;; Auto vars:     Size  Location     Type
    29 ;;  i               1    2[COMRAM] unsigned char 
    30 ;; Return value:  Size  Location     Type
    31 ;;		None               void
    32 ;; Registers used:
    33 ;;		wreg, status,2, status,0, cstack
    34 ;; Tracked objects:
    35 ;;		On entry : 0/0
    36 ;;		On exit  : 0/0
    37 ;;		Unchanged: 0/0
    38 ;; Data sizes:     COMRAM   BANK0   BANK1   BANK2   BANK3   BANK4   BANK5   BANK6   BANK7   BANK8   BANK9  BANK10  BANK1
      +1  BANK12  BANK13  BANK14  BANK15
    39 ;;      Params:         0       0       0       0       0       0       0       0       0       0       0       0       
      +0       0       0       0       0
    40 ;;      Locals:         1       0       0       0       0       0       0       0       0       0       0       0       
      +0       0       0       0       0
    41 ;;      Temps:          0       0       0       0       0       0       0       0       0       0       0       0       
      +0       0       0       0       0
    42 ;;      Totals:         1       0       0       0       0       0       0       0       0       0       0       0       
      +0       0       0       0       0
    43 ;;Total ram usage:        1 bytes
    44 ;; Hardware stack levels required when called:    1
    45 ;; This function calls:
    46 ;;		_Delay_One_Sec
    47 ;; This function is called by:
    48 ;;		Startup code after reset
    49 ;; This function uses a non-reentrant model
    50 ;;
    51                           
    52                           	psect	text0
    53  00FFC8                     __ptext0:
    54                           	opt stack 0
    55  00FFC8                     _main:
    56                           	opt stack 30
    57                           
    58                           ;Lab2p3.c: 21: char i;
    59                           ;Lab2p3.c: 23: TRISA = 0xFF;
    60                           
    61                           ;incstack = 0
    62  00FFC8  6892               	setf	3986,c	;volatile
    63                           
    64                           ;Lab2p3.c: 24: TRISB = 0x00;
    65  00FFCA  0E00               	movlw	0
    66  00FFCC  6E93               	movwf	3987,c	;volatile
    67                           
    68                           ;Lab2p3.c: 25: TRISC = 0x00;
    69  00FFCE  0E00               	movlw	0
    70  00FFD0  6E94               	movwf	3988,c	;volatile
    71                           
    72                           ;Lab2p3.c: 26: TRISD = 0x00;
    73  00FFD2  0E00               	movlw	0
    74  00FFD4  6E95               	movwf	3989,c	;volatile
    75                           
    76                           ;Lab2p3.c: 27: ADCON1 = 0x0F;
    77  00FFD6  0E0F               	movlw	15
    78  00FFD8  6EC1               	movwf	4033,c	;volatile
    79                           
    80                           ;Lab2p3.c: 28: PORTB = 0x00;
    81  00FFDA  0E00               	movlw	0
    82  00FFDC  6E81               	movwf	3969,c	;volatile
    83                           
    84                           ;Lab2p3.c: 29: PORTC = 0x00;
    85  00FFDE  0E00               	movlw	0
    86  00FFE0  6E82               	movwf	3970,c	;volatile
    87  00FFE2                     l24:
    88                           
    89                           ;Lab2p3.c: 31: {
    90                           ;Lab2p3.c: 32: for (i=0; i<8; i++)
    91  00FFE2  0E00               	movlw	0
    92  00FFE4  6E03               	movwf	main@i,c
    93  00FFE6                     l625:
    94  00FFE6  0E07               	movlw	7
    95  00FFE8  6403               	cpfsgt	main@i,c
    96  00FFEA  D001               	goto	l25
    97  00FFEC  D7FA               	goto	l24
    98  00FFEE                     l25:
    99                           
   100                           ;Lab2p3.c: 33: {
   101                           ;Lab2p3.c: 34: PORTD = i;
   102  00FFEE  C003  FF83         	movff	main@i,3971	;volatile
   103                           
   104                           ;Lab2p3.c: 36: Delay_One_Sec();
   105  00FFF2  ECD2  F07F         	call	_Delay_One_Sec	;wreg free
   106  00FFF6  2A03               	incf	main@i,f,c
   107  00FFF8  D7F6               	goto	l625
   108  00FFFA  D7F3               	goto	l24
   109  00FFFC  EF00  F000         	goto	start
   110  010000                     __end_of_main:
   111                           	opt stack 0
   112                           
   113                           	psect	cinit
   114  00FF9E                     __pcinit:
   115                           	opt stack 0
   116  00FF9E                     start_initialization:
   117                           	opt stack 0
   118  00FF9E                     __initialization:
   119                           	opt stack 0
   120  00FF9E                     end_of_initialization:
   121                           	opt stack 0
   122  00FF9E                     __end_of__initialization:
   123                           	opt stack 0
   124  00FF9E  0100               	movlb	0
   125  00FFA0  EFE4  F07F         	goto	_main	;jump to C main() function
   126                           
   127                           	psect	cstackCOMRAM
   128  000001                     __pcstackCOMRAM:
   129                           	opt stack 0
   130  000001                     Delay_One_Sec@I:
   131                           	opt stack 0
   132                           
   133                           ; 2 bytes @ 0x0
   134  000001                     	ds	2
   135  000003                     main@i:
   136                           	opt stack 0
   137                           
   138                           ; 1 bytes @ 0x2
   139  000003                     	ds	1
   140                           
   141 ;; *************** function _Delay_One_Sec *****************
   142 ;; Defined at:
   143 ;;		line 11 in file "Lab2p3.c"
   144 ;; Parameters:    Size  Location     Type
   145 ;;		None
   146 ;; Auto vars:     Size  Location     Type
   147 ;;  I               2    0[COMRAM] int 
   148 ;; Return value:  Size  Location     Type
   149 ;;		None               void
   150 ;; Registers used:
   151 ;;		wreg, status,2, status,0
   152 ;; Tracked objects:
   153 ;;		On entry : 0/0
   154 ;;		On exit  : 0/0
   155 ;;		Unchanged: 0/0
   156 ;; Data sizes:     COMRAM   BANK0   BANK1   BANK2   BANK3   BANK4   BANK5   BANK6   BANK7   BANK8   BANK9  BANK10  BANK1
      +1  BANK12  BANK13  BANK14  BANK15
   157 ;;      Params:         0       0       0       0       0       0       0       0       0       0       0       0       
      +0       0       0       0       0
   158 ;;      Locals:         2       0       0       0       0       0       0       0       0       0       0       0       
      +0       0       0       0       0
   159 ;;      Temps:          0       0       0       0       0       0       0       0       0       0       0       0       
      +0       0       0       0       0
   160 ;;      Totals:         2       0       0       0       0       0       0       0       0       0       0       0       
      +0       0       0       0       0
   161 ;;Total ram usage:        2 bytes
   162 ;; Hardware stack levels used:    1
   163 ;; This function calls:
   164 ;;		Nothing
   165 ;; This function is called by:
   166 ;;		_main
   167 ;; This function uses a non-reentrant model
   168 ;;
   169                           
   170                           	psect	text1
   171  00FFA4                     __ptext1:
   172                           	opt stack 0
   173  00FFA4                     _Delay_One_Sec:
   174                           	opt stack 30
   175                           
   176                           ;Lab2p3.c: 13: for (int I=0; I<17000;I++);
   177                           
   178                           ;incstack = 0
   179  00FFA4  0E00               	movlw	0
   180  00FFA6  6E02               	movwf	Delay_One_Sec@I+1,c
   181  00FFA8  0E00               	movlw	0
   182  00FFAA  6E01               	movwf	Delay_One_Sec@I,c
   183  00FFAC                     l613:
   184  00FFAC  BE02               	btfsc	Delay_One_Sec@I+1,7,c
   185  00FFAE  D008               	goto	l617
   186  00FFB0  0E68               	movlw	104
   187  00FFB2  5C01               	subwf	Delay_One_Sec@I,w,c
   188  00FFB4  0E42               	movlw	66
   189  00FFB6  5802               	subwfb	Delay_One_Sec@I+1,w,c
   190  00FFB8  B0D8               	btfsc	status,0,c
   191  00FFBA  D005               	goto	l21
   192  00FFBC  D001               	goto	l617
   193  00FFBE  D003               	goto	l21
   194  00FFC0                     l617:
   195  00FFC0  4A01               	infsnz	Delay_One_Sec@I,f,c
   196  00FFC2  2A02               	incf	Delay_One_Sec@I+1,f,c
   197  00FFC4  D7F3               	goto	l613
   198  00FFC6                     l21:
   199  00FFC6  0012               	return		;funcret
   200  00FFC8                     __end_of_Delay_One_Sec:
   201                           	opt stack 0
   202  0000                     status	equ	0xFD8
   203                           status	equ	0xFD8
   204                           
   205                           	psect	rparam
   206  0000                     status	equ	0xFD8


Data Sizes:
    Strings     0
    Constant    0
    Data        0
    BSS         0
    Persistent  0
    Stack       0

Auto Spaces:
    Space          Size  Autos    Used
    COMRAM          127      3       3
    BANK0           128      0       0
    BANK1           256      0       0
    BANK2           256      0       0
    BANK3           256      0       0
    BANK4           256      0       0
    BANK5           256      0       0
    BANK6           256      0       0
    BANK7           256      0       0
    BANK8           256      0       0
    BANK9           256      0       0
    BANK10          256      0       0
    BANK11          256      0       0
    BANK12          256      0       0
    BANK13          256      0       0
    BANK14          256      0       0
    BANK15          128      0       0

Pointer List with Targets:

    None.

Critical Paths under _main in COMRAM

    _main->_Delay_One_Sec

Critical Paths under _main in BANK0

    None.

Critical Paths under _main in BANK1

    None.

Critical Paths under _main in BANK2

    None.

Critical Paths under _main in BANK3

    None.

Critical Paths under _main in BANK4

    None.

Critical Paths under _main in BANK5

    None.

Critical Paths under _main in BANK6

    None.

Critical Paths under _main in BANK7

    None.

Critical Paths under _main in BANK8

    None.

Critical Paths under _main in BANK9

    None.

Critical Paths under _main in BANK10

    None.

Critical Paths under _main in BANK11

    None.

Critical Paths under _main in BANK12

    None.

Critical Paths under _main in BANK13

    None.

Critical Paths under _main in BANK14

    None.

Critical Paths under _main in BANK15

    None.

Call Graph Tables:

 ---------------------------------------------------------------------------------
 (Depth) Function   	        Calls       Base Space   Used Autos Params    Refs
 ---------------------------------------------------------------------------------
 (0) _main                                                 1     1      0      75
                                              2 COMRAM     1     1      0
                      _Delay_One_Sec
 ---------------------------------------------------------------------------------
 (1) _Delay_One_Sec                                        2     2      0      30
                                              0 COMRAM     2     2      0
 ---------------------------------------------------------------------------------
 Estimated maximum stack depth 1
 ---------------------------------------------------------------------------------

 Call Graph Graphs:

 _main (ROOT)
   _Delay_One_Sec

 Address spaces:
Name               Size   Autos  Total    Cost      Usage
BITCOMRAM           7F      0       0       0        0.0%
EEDATA             400      0       0       0        0.0%
NULL                 0      0       0       0        0.0%
CODE                 0      0       0       0        0.0%
COMRAM              7F      3       3       1        2.4%
STACK                0      0       0       2        0.0%
DATA                 0      0       0       3        0.0%
BITBANK0            80      0       0       4        0.0%
BANK0               80      0       0       5        0.0%
BITBANK1           100      0       0       6        0.0%
BANK1              100      0       0       7        0.0%
BITBANK2           100      0       0       8        0.0%
BANK2              100      0       0       9        0.0%
BITBANK3           100      0       0      10        0.0%
BANK3              100      0       0      11        0.0%
BITBANK4           100      0       0      12        0.0%
BANK4              100      0       0      13        0.0%
BITBANK5           100      0       0      14        0.0%
BANK5              100      0       0      15        0.0%
BITBANK6           100      0       0      16        0.0%
BANK6              100      0       0      17        0.0%
BITBANK7           100      0       0      18        0.0%
BANK7              100      0       0      19        0.0%
BITBANK8           100      0       0      20        0.0%
BANK8              100      0       0      21        0.0%
BITBANK9           100      0       0      22        0.0%
BANK9              100      0       0      23        0.0%
BITBANK10          100      0       0      24        0.0%
BANK10             100      0       0      25        0.0%
BITBANK11          100      0       0      26        0.0%
BANK11             100      0       0      27        0.0%
BITBANK12          100      0       0      28        0.0%
BANK12             100      0       0      29        0.0%
BITBANK13          100      0       0      30        0.0%
BANK13             100      0       0      31        0.0%
BITBANK14          100      0       0      32        0.0%
BANK14             100      0       0      33        0.0%
ABS                  0      0       0      34        0.0%
BITBANK15           80      0       0      35        0.0%
BANK15              80      0       0      36        0.0%
BIGRAM             F7F      0       0      37        0.0%
BITSFR               0      0       0      40        0.0%
SFR                  0      0       0      40        0.0%


Microchip Technology PIC18 Macro Assembler V1.34 build -361300703 
Symbol Table                                                                                   Thu Sep 02 10:17:08 2021

                     l21 FFC6                       l24 FFE2                       l25 FFEE  
                    l613 FFAC                      l617 FFC0                      l625 FFE6  
           __CFG_LVP$OFF 000000             __CFG_WDT$OFF 000000                     _main FFC8  
                   start 0000             ___param_bank 000010                    ?_main 0001  
                  _PORTB 000F81                    _PORTC 000F82                    _PORTD 000F83  
                  _TRISA 000F92                    _TRISB 000F93                    _TRISC 000F94  
                  _TRISD 000F95                    main@i 0003           __CFG_BOREN$OFF 000000  
                  status 000FD8          __initialization FF9E             __end_of_main 0000  
                 ??_main 0003            __activetblptr 000000                   _ADCON1 000FC1  
             __accesstop 0080  __end_of__initialization FF9E            ___rparam_used 000001  
         __pcstackCOMRAM 0001           Delay_One_Sec@I 0001   __size_of_Delay_One_Sec 0024  
                __Hparam 0000                  __Lparam 0000                  __pcinit FF9E  
                __ramtop 1000                  __ptext0 FFC8                  __ptext1 FFA4  
   end_of_initialization FF9E            _Delay_One_Sec FFA4           ?_Delay_One_Sec 0001  
    start_initialization FF9E         __CFG_OSC$INTIO67 000000          ??_Delay_One_Sec 0001  
               __Hrparam 0000                 __Lrparam 0000            __size_of_main 0038  
  __end_of_Delay_One_Sec FFC8  
