

Microchip Technology PIC18 LITE Macro Assembler V1.34 build -361300703 
                                                                                               Thu Sep 02 11:11:17 2021

Microchip Technology Omniscient Code Generator (Lite mode) build 201502162209
     1                           	processor	18F4620
     2                           	fnconf	rparam,??,?,0
     3                           	opt	pw 120
     4                           	opt	lm
     5                           	psect	idataCOMRAM,global,class=CODE,delta=1
     6                           	psect	cinit,global,reloc=2,class=CODE,delta=1
     7                           	psect	dataCOMRAM,global,class=COMRAM,space=1,delta=1
     8                           	psect	cstackCOMRAM,global,class=COMRAM,space=1,delta=1
     9                           	psect	text0,global,reloc=2,class=CODE,delta=1
    10                           	psect	text1,global,reloc=2,class=CODE,delta=1
    11                           	psect	intsave_regs,global,class=BIGRAM,space=1,delta=1
    12                           	psect	rparam,global,class=COMRAM,space=1,delta=1
    13  0000                     
    14                           	psect	idataCOMRAM
    15  00FF48                     __pidataCOMRAM:
    16                           	opt stack 0
    17                           
    18                           ;initializer for main@F3451
    19  00FF48  F0                 	db	240
    20  00FF49  C1                 	db	193
    21  00FF4A  A2                 	db	162
    22  00FF4B  83                 	db	131
    23  00FF4C  64                 	db	100
    24  00FF4D  45                 	db	69
    25  00FF4E  26                 	db	38
    26  00FF4F  07                 	db	7
    27  0000                     _PORTB	set	3969
    28  0000                     _PORTC	set	3970
    29  0000                     _PORTD	set	3971
    30  0000                     _TRISA	set	3986
    31  0000                     _TRISB	set	3987
    32  0000                     _TRISC	set	3988
    33  0000                     _TRISD	set	3989
    34                           
    35                           ; #config settings
    36  0000                     
    37                           	psect	cinit
    38  00FF74                     __pcinit:
    39                           	opt stack 0
    40  00FF74                     start_initialization:
    41                           	opt stack 0
    42  00FF74                     __initialization:
    43                           	opt stack 0
    44                           
    45                           ; Initialize objects allocated to COMRAM (8 bytes)
    46                           ; load TBLPTR registers with __pidataCOMRAM
    47  00FF74  0E48               	movlw	low __pidataCOMRAM
    48  00FF76  6EF6               	movwf	tblptrl,c
    49  00FF78  0EFF               	movlw	high __pidataCOMRAM
    50  00FF7A  6EF7               	movwf	tblptrh,c
    51  00FF7C  0E00               	movlw	low (__pidataCOMRAM shr (0+16))
    52  00FF7E  6EF8               	movwf	tblptru,c
    53  00FF80  EE00  F00D         	lfsr	0,__pdataCOMRAM
    54  00FF84  EE10 F008          	lfsr	1,8
    55  00FF88                     copy_data0:
    56  00FF88  0009               	tblrd		*+
    57  00FF8A  CFF5 FFEE          	movff	tablat,postinc0
    58  00FF8E  50E5               	movf	postdec1,w,c
    59  00FF90  50E1               	movf	fsr1l,w,c
    60  00FF92  E1FA               	bnz	copy_data0
    61  00FF94                     end_of_initialization:
    62                           	opt stack 0
    63  00FF94                     __end_of__initialization:
    64                           	opt stack 0
    65  00FF94  0100               	movlb	0
    66  00FF96  EFCD  F07F         	goto	_main	;jump to C main() function
    67                           tblptru	equ	0xFF8
    68                           tblptrh	equ	0xFF7
    69                           tblptrl	equ	0xFF6
    70                           tablat	equ	0xFF5
    71                           postinc0	equ	0xFEE
    72                           postdec1	equ	0xFE5
    73                           fsr1l	equ	0xFE1
    74                           
    75                           	psect	dataCOMRAM
    76  00000D                     __pdataCOMRAM:
    77                           	opt stack 0
    78  00000D                     main@F3451:
    79                           	opt stack 0
    80  00000D                     	ds	8
    81                           tblptru	equ	0xFF8
    82                           tblptrh	equ	0xFF7
    83                           tblptrl	equ	0xFF6
    84                           tablat	equ	0xFF5
    85                           postinc0	equ	0xFEE
    86                           postdec1	equ	0xFE5
    87                           fsr1l	equ	0xFE1
    88                           
    89                           	psect	cstackCOMRAM
    90  000001                     __pcstackCOMRAM:
    91                           	opt stack 0
    92  000001                     Delay_One_Sec@I:
    93                           	opt stack 0
    94                           
    95                           ; 2 bytes @ 0x0
    96  000001                     	ds	2
    97  000003                     main@array:
    98                           	opt stack 0
    99                           
   100                           ; 8 bytes @ 0x2
   101  000003                     	ds	8
   102  00000B                     main@i:
   103                           	opt stack 0
   104                           
   105                           ; 2 bytes @ 0xA
   106  00000B                     	ds	2
   107                           tblptru	equ	0xFF8
   108                           tblptrh	equ	0xFF7
   109                           tblptrl	equ	0xFF6
   110                           tablat	equ	0xFF5
   111                           postinc0	equ	0xFEE
   112                           postdec1	equ	0xFE5
   113                           fsr1l	equ	0xFE1
   114                           
   115 ;;
   116 ;;Main: autosize = 0, tempsize = 0, incstack = 0, save=0
   117 ;;
   118 ;; *************** function _main *****************
   119 ;; Defined at:
   120 ;;		line 17 in file "Lab2p4.c"
   121 ;; Parameters:    Size  Location     Type
   122 ;;		None
   123 ;; Auto vars:     Size  Location     Type
   124 ;;  array           8    2[COMRAM] unsigned char [8]
   125 ;;  i               2   10[COMRAM] int 
   126 ;; Return value:  Size  Location     Type
   127 ;;		None               void
   128 ;; Registers used:
   129 ;;		wreg, fsr1l, fsr1h, fsr2l, fsr2h, status,2, status,0, cstack
   130 ;; Tracked objects:
   131 ;;		On entry : 0/0
   132 ;;		On exit  : 0/0
   133 ;;		Unchanged: 0/0
   134 ;; Data sizes:     COMRAM   BANK0   BANK1   BANK2   BANK3   BANK4   BANK5   BANK6   BANK7   BANK8   BANK9  BANK10  BANK1
      +1  BANK12  BANK13  BANK14  BANK15
   135 ;;      Params:         0       0       0       0       0       0       0       0       0       0       0       0       
      +0       0       0       0       0
   136 ;;      Locals:        10       0       0       0       0       0       0       0       0       0       0       0       
      +0       0       0       0       0
   137 ;;      Temps:          0       0       0       0       0       0       0       0       0       0       0       0       
      +0       0       0       0       0
   138 ;;      Totals:        10       0       0       0       0       0       0       0       0       0       0       0       
      +0       0       0       0       0
   139 ;;Total ram usage:       10 bytes
   140 ;; Hardware stack levels required when called:    1
   141 ;; This function calls:
   142 ;;		_Delay_One_Sec
   143 ;; This function is called by:
   144 ;;		Startup code after reset
   145 ;; This function uses a non-reentrant model
   146 ;;
   147                           
   148                           	psect	text0
   149  00FF9A                     __ptext0:
   150                           	opt stack 0
   151  00FF9A                     _main:
   152                           	opt stack 30
   153                           
   154                           ;Lab2p4.c: 21: char array[8] = {0xF0, 0xC1, 0xA2, 0x83, 0x64, 0x45, 0x26, 0x07};
   155                           
   156                           ;incstack = 0
   157  00FF9A  EE20  F00D         	lfsr	2,main@F3451
   158  00FF9E  EE10  F003         	lfsr	1,main@array
   159  00FFA2  0E07               	movlw	7
   160  00FFA4                     u31:
   161  00FFA4  CFDB FFE3          	movff	plusw2,plusw1
   162  00FFA8  06E8               	decf	wreg,f,c
   163  00FFAA  E2FC               	bc	u31
   164                           
   165                           ;Lab2p4.c: 22: int i;
   166                           ;Lab2p4.c: 24: TRISA = 0xFF;
   167  00FFAC  6892               	setf	3986,c	;volatile
   168                           
   169                           ;Lab2p4.c: 25: TRISB = 0x00;
   170  00FFAE  0E00               	movlw	0
   171  00FFB0  6E93               	movwf	3987,c	;volatile
   172                           
   173                           ;Lab2p4.c: 26: TRISC = 0x00;
   174  00FFB2  0E00               	movlw	0
   175  00FFB4  6E94               	movwf	3988,c	;volatile
   176                           
   177                           ;Lab2p4.c: 27: TRISD = 0x00;
   178  00FFB6  0E00               	movlw	0
   179  00FFB8  6E95               	movwf	3989,c	;volatile
   180                           
   181                           ;Lab2p4.c: 29: PORTB = 0x00;
   182  00FFBA  0E00               	movlw	0
   183  00FFBC  6E81               	movwf	3969,c	;volatile
   184                           
   185                           ;Lab2p4.c: 30: PORTC = 0x00;
   186  00FFBE  0E00               	movlw	0
   187  00FFC0  6E82               	movwf	3970,c	;volatile
   188  00FFC2  D000               	goto	l635
   189  00FFC4                     l635:
   190                           
   191                           ;Lab2p4.c: 32: {
   192                           ;Lab2p4.c: 33: for (i=0; i<8; i++)
   193  00FFC4  0E00               	movlw	0
   194  00FFC6  6E0C               	movwf	main@i+1,c
   195  00FFC8  0E00               	movlw	0
   196  00FFCA  6E0B               	movwf	main@i,c
   197  00FFCC                     l637:
   198  00FFCC  BE0C               	btfsc	main@i+1,7,c
   199  00FFCE  D008               	goto	l641
   200  00FFD0  500C               	movf	main@i+1,w,c
   201  00FFD2  E1F8               	bnz	l635
   202  00FFD4  0E08               	movlw	8
   203  00FFD6  5C0B               	subwf	main@i,w,c
   204  00FFD8  B0D8               	btfsc	status,0,c
   205  00FFDA  D7F4               	goto	l635
   206  00FFDC  D001               	goto	l641
   207  00FFDE  D7F2               	goto	l635
   208  00FFE0                     l641:
   209                           
   210                           ;Lab2p4.c: 34: {
   211                           ;Lab2p4.c: 35: PORTD = array[i];
   212  00FFE0  0E03               	movlw	low main@array
   213  00FFE2  240B               	addwf	main@i,w,c
   214  00FFE4  6ED9               	movwf	fsr2l,c
   215  00FFE6  0E00               	movlw	high main@array
   216  00FFE8  200C               	addwfc	main@i+1,w,c
   217  00FFEA  6EDA               	movwf	fsr2h,c
   218  00FFEC  50DF               	movf	indf2,w,c
   219  00FFEE  6E83               	movwf	3971,c	;volatile
   220                           
   221                           ;Lab2p4.c: 37: Delay_One_Sec();
   222  00FFF0  ECA8  F07F         	call	_Delay_One_Sec	;wreg free
   223  00FFF4  4A0B               	infsnz	main@i,f,c
   224  00FFF6  2A0C               	incf	main@i+1,f,c
   225  00FFF8  D7E9               	goto	l637
   226  00FFFA  D7E4               	goto	l635
   227  00FFFC  EF00  F000         	goto	start
   228  010000                     __end_of_main:
   229                           	opt stack 0
   230                           tblptru	equ	0xFF8
   231                           tblptrh	equ	0xFF7
   232                           tblptrl	equ	0xFF6
   233                           tablat	equ	0xFF5
   234                           postinc0	equ	0xFEE
   235                           wreg	equ	0xFE8
   236                           postdec1	equ	0xFE5
   237                           plusw1	equ	0xFE3
   238                           fsr1l	equ	0xFE1
   239                           indf2	equ	0xFDF
   240                           plusw2	equ	0xFDB
   241                           fsr2h	equ	0xFDA
   242                           fsr2l	equ	0xFD9
   243                           status	equ	0xFD8
   244                           
   245 ;; *************** function _Delay_One_Sec *****************
   246 ;; Defined at:
   247 ;;		line 11 in file "Lab2p4.c"
   248 ;; Parameters:    Size  Location     Type
   249 ;;		None
   250 ;; Auto vars:     Size  Location     Type
   251 ;;  I               2    0[COMRAM] int 
   252 ;; Return value:  Size  Location     Type
   253 ;;		None               void
   254 ;; Registers used:
   255 ;;		wreg, status,2, status,0
   256 ;; Tracked objects:
   257 ;;		On entry : 0/0
   258 ;;		On exit  : 0/0
   259 ;;		Unchanged: 0/0
   260 ;; Data sizes:     COMRAM   BANK0   BANK1   BANK2   BANK3   BANK4   BANK5   BANK6   BANK7   BANK8   BANK9  BANK10  BANK1
      +1  BANK12  BANK13  BANK14  BANK15
   261 ;;      Params:         0       0       0       0       0       0       0       0       0       0       0       0       
      +0       0       0       0       0
   262 ;;      Locals:         2       0       0       0       0       0       0       0       0       0       0       0       
      +0       0       0       0       0
   263 ;;      Temps:          0       0       0       0       0       0       0       0       0       0       0       0       
      +0       0       0       0       0
   264 ;;      Totals:         2       0       0       0       0       0       0       0       0       0       0       0       
      +0       0       0       0       0
   265 ;;Total ram usage:        2 bytes
   266 ;; Hardware stack levels used:    1
   267 ;; This function calls:
   268 ;;		Nothing
   269 ;; This function is called by:
   270 ;;		_main
   271 ;; This function uses a non-reentrant model
   272 ;;
   273                           
   274                           	psect	text1
   275  00FF50                     __ptext1:
   276                           	opt stack 0
   277  00FF50                     _Delay_One_Sec:
   278                           	opt stack 30
   279                           
   280                           ;Lab2p4.c: 13: for (int I=0; I<17000;I++);
   281                           
   282                           ;incstack = 0
   283  00FF50  0E00               	movlw	0
   284  00FF52  6E02               	movwf	Delay_One_Sec@I+1,c
   285  00FF54  0E00               	movlw	0
   286  00FF56  6E01               	movwf	Delay_One_Sec@I,c
   287  00FF58                     l613:
   288  00FF58  BE02               	btfsc	Delay_One_Sec@I+1,7,c
   289  00FF5A  D008               	goto	l617
   290  00FF5C  0E68               	movlw	104
   291  00FF5E  5C01               	subwf	Delay_One_Sec@I,w,c
   292  00FF60  0E42               	movlw	66
   293  00FF62  5802               	subwfb	Delay_One_Sec@I+1,w,c
   294  00FF64  B0D8               	btfsc	status,0,c
   295  00FF66  D005               	goto	l19
   296  00FF68  D001               	goto	l617
   297  00FF6A  D003               	goto	l19
   298  00FF6C                     l617:
   299  00FF6C  4A01               	infsnz	Delay_One_Sec@I,f,c
   300  00FF6E  2A02               	incf	Delay_One_Sec@I+1,f,c
   301  00FF70  D7F3               	goto	l613
   302  00FF72                     l19:
   303  00FF72  0012               	return		;funcret
   304  00FF74                     __end_of_Delay_One_Sec:
   305                           	opt stack 0
   306  0000                     tblptru	equ	0xFF8
   307                           tblptrh	equ	0xFF7
   308                           tblptrl	equ	0xFF6
   309                           tablat	equ	0xFF5
   310                           postinc0	equ	0xFEE
   311                           wreg	equ	0xFE8
   312                           postdec1	equ	0xFE5
   313                           plusw1	equ	0xFE3
   314                           fsr1l	equ	0xFE1
   315                           indf2	equ	0xFDF
   316                           plusw2	equ	0xFDB
   317                           fsr2h	equ	0xFDA
   318                           fsr2l	equ	0xFD9
   319                           status	equ	0xFD8
   320                           tblptru	equ	0xFF8
   321                           tblptrh	equ	0xFF7
   322                           tblptrl	equ	0xFF6
   323                           tablat	equ	0xFF5
   324                           postinc0	equ	0xFEE
   325                           wreg	equ	0xFE8
   326                           postdec1	equ	0xFE5
   327                           plusw1	equ	0xFE3
   328                           fsr1l	equ	0xFE1
   329                           indf2	equ	0xFDF
   330                           plusw2	equ	0xFDB
   331                           fsr2h	equ	0xFDA
   332                           fsr2l	equ	0xFD9
   333                           status	equ	0xFD8
   334                           
   335                           	psect	rparam
   336  0000                     tblptru	equ	0xFF8
   337                           tblptrh	equ	0xFF7
   338                           tblptrl	equ	0xFF6
   339                           tablat	equ	0xFF5
   340                           postinc0	equ	0xFEE
   341                           wreg	equ	0xFE8
   342                           postdec1	equ	0xFE5
   343                           plusw1	equ	0xFE3
   344                           fsr1l	equ	0xFE1
   345                           indf2	equ	0xFDF
   346                           plusw2	equ	0xFDB
   347                           fsr2h	equ	0xFDA
   348                           fsr2l	equ	0xFD9
   349                           status	equ	0xFD8


Data Sizes:
    Strings     0
    Constant    0
    Data        8
    BSS         0
    Persistent  0
    Stack       0

Auto Spaces:
    Space          Size  Autos    Used
    COMRAM          127     12      20
    BANK0           128      0       0
    BANK1           256      0       0
    BANK2           256      0       0
    BANK3           256      0       0
    BANK4           256      0       0
    BANK5           256      0       0
    BANK6           256      0       0
    BANK7           256      0       0
    BANK8           256      0       0
    BANK9           256      0       0
    BANK10          256      0       0
    BANK11          256      0       0
    BANK12          256      0       0
    BANK13          256      0       0
    BANK14          256      0       0
    BANK15          128      0       0

Pointer List with Targets:

    None.

Critical Paths under _main in COMRAM

    _main->_Delay_One_Sec

Critical Paths under _main in BANK0

    None.

Critical Paths under _main in BANK1

    None.

Critical Paths under _main in BANK2

    None.

Critical Paths under _main in BANK3

    None.

Critical Paths under _main in BANK4

    None.

Critical Paths under _main in BANK5

    None.

Critical Paths under _main in BANK6

    None.

Critical Paths under _main in BANK7

    None.

Critical Paths under _main in BANK8

    None.

Critical Paths under _main in BANK9

    None.

Critical Paths under _main in BANK10

    None.

Critical Paths under _main in BANK11

    None.

Critical Paths under _main in BANK12

    None.

Critical Paths under _main in BANK13

    None.

Critical Paths under _main in BANK14

    None.

Critical Paths under _main in BANK15

    None.

Call Graph Tables:

 ---------------------------------------------------------------------------------
 (Depth) Function   	        Calls       Base Space   Used Autos Params    Refs
 ---------------------------------------------------------------------------------
 (0) _main                                                10    10      0      90
                                              2 COMRAM    10    10      0
                      _Delay_One_Sec
 ---------------------------------------------------------------------------------
 (1) _Delay_One_Sec                                        2     2      0      30
                                              0 COMRAM     2     2      0
 ---------------------------------------------------------------------------------
 Estimated maximum stack depth 1
 ---------------------------------------------------------------------------------

 Call Graph Graphs:

 _main (ROOT)
   _Delay_One_Sec

 Address spaces:
Name               Size   Autos  Total    Cost      Usage
BIGRAM             F7F      0       0      37        0.0%
EEDATA             400      0       0       0        0.0%
BITBANK14          100      0       0      32        0.0%
BANK14             100      0       0      33        0.0%
BITBANK13          100      0       0      30        0.0%
BANK13             100      0       0      31        0.0%
BITBANK12          100      0       0      28        0.0%
BANK12             100      0       0      29        0.0%
BITBANK11          100      0       0      26        0.0%
BANK11             100      0       0      27        0.0%
BITBANK10          100      0       0      24        0.0%
BANK10             100      0       0      25        0.0%
BITBANK9           100      0       0      22        0.0%
BANK9              100      0       0      23        0.0%
BITBANK8           100      0       0      20        0.0%
BANK8              100      0       0      21        0.0%
BITBANK7           100      0       0      18        0.0%
BANK7              100      0       0      19        0.0%
BITBANK6           100      0       0      16        0.0%
BANK6              100      0       0      17        0.0%
BITBANK5           100      0       0      14        0.0%
BANK5              100      0       0      15        0.0%
BITBANK4           100      0       0      12        0.0%
BANK4              100      0       0      13        0.0%
BITBANK3           100      0       0      10        0.0%
BANK3              100      0       0      11        0.0%
BITBANK2           100      0       0       8        0.0%
BANK2              100      0       0       9        0.0%
BITBANK1           100      0       0       6        0.0%
BANK1              100      0       0       7        0.0%
BITBANK15           80      0       0      35        0.0%
BANK15              80      0       0      36        0.0%
BITBANK0            80      0       0       4        0.0%
BANK0               80      0       0       5        0.0%
BITCOMRAM           7F      0       0       0        0.0%
COMRAM              7F      C      14       1       15.7%
BITSFR               0      0       0      40        0.0%
SFR                  0      0       0      40        0.0%
STACK                0      0       0       2        0.0%
NULL                 0      0       0       0        0.0%
ABS                  0      0      14      34        0.0%
DATA                 0      0      14       3        0.0%
CODE                 0      0       0       0        0.0%


Microchip Technology PIC18 Macro Assembler V1.34 build -361300703 
Symbol Table                                                                                   Thu Sep 02 11:11:17 2021

                     l19 FF72                       u31 FFA4                      l613 FF58  
                    l617 FF6C                      l641 FFE0                      l635 FFC4  
                    l637 FFCC                      wreg 000FE8             __CFG_LVP$OFF 000000  
           __CFG_WDT$OFF 000000                     _main FF9A                     fsr1l 000FE1  
                   indf2 000FDF                     fsr2l 000FD9                     start 0000  
           ___param_bank 000010                    ?_main 0001                    _PORTB 000F81  
                  _PORTC 000F82                    _PORTD 000F83                    _TRISA 000F92  
                  _TRISB 000F93                    _TRISC 000F94                    _TRISD 000F95  
                  main@i 000B           __CFG_BOREN$OFF 000000                    tablat 000FF5  
                  plusw1 000FE3                    plusw2 000FDB                    status 000FD8  
        __initialization FF74             __end_of_main 0000                   ??_main 0003  
          __activetblptr 000000             __pdataCOMRAM 000D                   tblptrh 000FF7  
                 tblptrl 000FF6                   tblptru 000FF8               __accesstop 0080  
__end_of__initialization FF94            ___rparam_used 000001           __pcstackCOMRAM 0001  
         Delay_One_Sec@I 0001   __size_of_Delay_One_Sec 0024                  __Hparam 0000  
                __Lparam 0000                  __pcinit FF74                  __ramtop 1000  
                __ptext0 FF9A                  __ptext1 FF50     end_of_initialization FF94  
          _Delay_One_Sec FF50                  postdec1 000FE5                  postinc0 000FEE  
         ?_Delay_One_Sec 0001            __pidataCOMRAM FF48      start_initialization FF74  
       __CFG_OSC$INTIO67 000000          ??_Delay_One_Sec 0001                main@F3451 000D  
              main@array 0003                copy_data0 FF88                 __Hrparam 0000  
               __Lrparam 0000            __size_of_main 0066    __end_of_Delay_One_Sec FF74  
