

Microchip Technology PIC18 LITE Macro Assembler V1.34 build -361300703 
                                                                                               Fri Sep 03 17:17:22 2021

Microchip Technology Omniscient Code Generator (Lite mode) build 201502162209
     1                           	processor	18F4620
     2                           	fnconf	rparam,??,?,0
     3                           	opt	pw 120
     4                           	opt	lm
     5                           	psect	idataCOMRAM,global,class=CODE,delta=1
     6                           	psect	cinit,global,reloc=2,class=CODE,delta=1
     7                           	psect	dataCOMRAM,global,class=COMRAM,space=1,delta=1
     8                           	psect	cstackCOMRAM,global,class=COMRAM,space=1,delta=1
     9                           	psect	text0,global,reloc=2,class=CODE,delta=1
    10                           	psect	text1,global,reloc=2,class=CODE,delta=1
    11                           	psect	intsave_regs,global,class=BIGRAM,space=1,delta=1
    12                           	psect	rparam,global,class=COMRAM,space=1,delta=1
    13  0000                     
    14                           	psect	idataCOMRAM
    15  00FF1A                     __pidataCOMRAM:
    16                           	opt stack 0
    17                           
    18                           ;initializer for main@F3451
    19  00FF1A  C3                 	db	195
    20  00FF1B  E1                 	db	225
    21  00FF1C  47                 	db	71
    22  00FF1D  62                 	db	98
    23  00FF1E  86                 	db	134
    24  00FF1F  20                 	db	32
    25  00FF20  04                 	db	4
    26  00FF21  A5                 	db	165
    27                           
    28                           ;initializer for main@F3453
    29  00FF22  00                 	db	0
    30  00FF23  02                 	db	2
    31  00FF24  04                 	db	4
    32  00FF25  06                 	db	6
    33  00FF26  08                 	db	8
    34  00FF27  0A                 	db	10
    35  00FF28  0C                 	db	12
    36  00FF29  0E                 	db	14
    37  0000                     _PORTB	set	3969
    38  0000                     _PORTC	set	3970
    39  0000                     _PORTD	set	3971
    40  0000                     _TRISA	set	3986
    41  0000                     _TRISB	set	3987
    42  0000                     _TRISC	set	3988
    43  0000                     _TRISD	set	3989
    44                           
    45                           ; #config settings
    46  0000                     
    47                           	psect	cinit
    48  00FF4E                     __pcinit:
    49                           	opt stack 0
    50  00FF4E                     start_initialization:
    51                           	opt stack 0
    52  00FF4E                     __initialization:
    53                           	opt stack 0
    54                           
    55                           ; Initialize objects allocated to COMRAM (16 bytes)
    56                           ; load TBLPTR registers with __pidataCOMRAM
    57  00FF4E  0E1A               	movlw	low __pidataCOMRAM
    58  00FF50  6EF6               	movwf	tblptrl,c
    59  00FF52  0EFF               	movlw	high __pidataCOMRAM
    60  00FF54  6EF7               	movwf	tblptrh,c
    61  00FF56  0E00               	movlw	low (__pidataCOMRAM shr (0+16))
    62  00FF58  6EF8               	movwf	tblptru,c
    63  00FF5A  EE00  F015         	lfsr	0,__pdataCOMRAM
    64  00FF5E  EE10 F010          	lfsr	1,16
    65  00FF62                     copy_data0:
    66  00FF62  0009               	tblrd		*+
    67  00FF64  CFF5 FFEE          	movff	tablat,postinc0
    68  00FF68  50E5               	movf	postdec1,w,c
    69  00FF6A  50E1               	movf	fsr1l,w,c
    70  00FF6C  E1FA               	bnz	copy_data0
    71  00FF6E                     end_of_initialization:
    72                           	opt stack 0
    73  00FF6E                     __end_of__initialization:
    74                           	opt stack 0
    75  00FF6E  0100               	movlb	0
    76  00FF70  EFBA  F07F         	goto	_main	;jump to C main() function
    77                           tblptru	equ	0xFF8
    78                           tblptrh	equ	0xFF7
    79                           tblptrl	equ	0xFF6
    80                           tablat	equ	0xFF5
    81                           postinc0	equ	0xFEE
    82                           postdec1	equ	0xFE5
    83                           fsr1l	equ	0xFE1
    84                           
    85                           	psect	dataCOMRAM
    86  000015                     __pdataCOMRAM:
    87                           	opt stack 0
    88  000015                     main@F3451:
    89                           	opt stack 0
    90  000015                     	ds	8
    91  00001D                     main@F3453:
    92                           	opt stack 0
    93  00001D                     	ds	8
    94                           tblptru	equ	0xFF8
    95                           tblptrh	equ	0xFF7
    96                           tblptrl	equ	0xFF6
    97                           tablat	equ	0xFF5
    98                           postinc0	equ	0xFEE
    99                           postdec1	equ	0xFE5
   100                           fsr1l	equ	0xFE1
   101                           
   102                           	psect	cstackCOMRAM
   103  000001                     __pcstackCOMRAM:
   104                           	opt stack 0
   105  000001                     Delay_One_Sec@I:
   106                           	opt stack 0
   107                           
   108                           ; 2 bytes @ 0x0
   109  000001                     	ds	2
   110  000003                     main@Darray:
   111                           	opt stack 0
   112                           
   113                           ; 8 bytes @ 0x2
   114  000003                     	ds	8
   115  00000B                     main@Carray:
   116                           	opt stack 0
   117                           
   118                           ; 8 bytes @ 0xA
   119  00000B                     	ds	8
   120  000013                     main@i:
   121                           	opt stack 0
   122                           
   123                           ; 2 bytes @ 0x12
   124  000013                     	ds	2
   125                           tblptru	equ	0xFF8
   126                           tblptrh	equ	0xFF7
   127                           tblptrl	equ	0xFF6
   128                           tablat	equ	0xFF5
   129                           postinc0	equ	0xFEE
   130                           postdec1	equ	0xFE5
   131                           fsr1l	equ	0xFE1
   132                           
   133 ;;
   134 ;;Main: autosize = 0, tempsize = 0, incstack = 0, save=0
   135 ;;
   136 ;; *************** function _main *****************
   137 ;; Defined at:
   138 ;;		line 17 in file "Lab2p5.c"
   139 ;; Parameters:    Size  Location     Type
   140 ;;		None
   141 ;; Auto vars:     Size  Location     Type
   142 ;;  Carray          8   10[COMRAM] unsigned char [8]
   143 ;;  Darray          8    2[COMRAM] unsigned char [8]
   144 ;;  i               2   18[COMRAM] int 
   145 ;; Return value:  Size  Location     Type
   146 ;;		None               void
   147 ;; Registers used:
   148 ;;		wreg, fsr1l, fsr1h, fsr2l, fsr2h, status,2, status,0, cstack
   149 ;; Tracked objects:
   150 ;;		On entry : 0/0
   151 ;;		On exit  : 0/0
   152 ;;		Unchanged: 0/0
   153 ;; Data sizes:     COMRAM   BANK0   BANK1   BANK2   BANK3   BANK4   BANK5   BANK6   BANK7   BANK8   BANK9  BANK10  BANK1
      +1  BANK12  BANK13  BANK14  BANK15
   154 ;;      Params:         0       0       0       0       0       0       0       0       0       0       0       0       
      +0       0       0       0       0
   155 ;;      Locals:        18       0       0       0       0       0       0       0       0       0       0       0       
      +0       0       0       0       0
   156 ;;      Temps:          0       0       0       0       0       0       0       0       0       0       0       0       
      +0       0       0       0       0
   157 ;;      Totals:        18       0       0       0       0       0       0       0       0       0       0       0       
      +0       0       0       0       0
   158 ;;Total ram usage:       18 bytes
   159 ;; Hardware stack levels required when called:    1
   160 ;; This function calls:
   161 ;;		_Delay_One_Sec
   162 ;; This function is called by:
   163 ;;		Startup code after reset
   164 ;; This function uses a non-reentrant model
   165 ;;
   166                           
   167                           	psect	text0
   168  00FF74                     __ptext0:
   169                           	opt stack 0
   170  00FF74                     _main:
   171                           	opt stack 30
   172                           
   173                           ;Lab2p5.c: 21: char Darray[8] = {0xC3, 0xE1, 0x47, 0x62, 0x86, 0x20, 0x04, 0xA5};
   174                           
   175                           ;incstack = 0
   176  00FF74  EE20  F015         	lfsr	2,main@F3451
   177  00FF78  EE10  F003         	lfsr	1,main@Darray
   178  00FF7C  0E07               	movlw	7
   179  00FF7E                     u31:
   180  00FF7E  CFDB FFE3          	movff	plusw2,plusw1
   181  00FF82  06E8               	decf	wreg,f,c
   182  00FF84  E2FC               	bc	u31
   183                           
   184                           ;Lab2p5.c: 22: char Carray[8] = {0x00, 0x02, 0x04, 0x06, 0x08, 0x0A, 0x0C, 0x0E};
   185  00FF86  EE20  F01D         	lfsr	2,main@F3453
   186  00FF8A  EE10  F00B         	lfsr	1,main@Carray
   187  00FF8E  0E07               	movlw	7
   188  00FF90                     u41:
   189  00FF90  CFDB FFE3          	movff	plusw2,plusw1
   190  00FF94  06E8               	decf	wreg,f,c
   191  00FF96  E2FC               	bc	u41
   192                           
   193                           ;Lab2p5.c: 23: int i;
   194                           ;Lab2p5.c: 25: TRISA = 0xFF;
   195  00FF98  6892               	setf	3986,c	;volatile
   196                           
   197                           ;Lab2p5.c: 26: TRISB = 0x00;
   198  00FF9A  0E00               	movlw	0
   199  00FF9C  6E93               	movwf	3987,c	;volatile
   200                           
   201                           ;Lab2p5.c: 27: TRISC = 0x00;
   202  00FF9E  0E00               	movlw	0
   203  00FFA0  6E94               	movwf	3988,c	;volatile
   204                           
   205                           ;Lab2p5.c: 28: TRISD = 0x00;
   206  00FFA2  0E00               	movlw	0
   207  00FFA4  6E95               	movwf	3989,c	;volatile
   208                           
   209                           ;Lab2p5.c: 30: PORTB = 0x00;
   210  00FFA6  0E00               	movlw	0
   211  00FFA8  6E81               	movwf	3969,c	;volatile
   212                           
   213                           ;Lab2p5.c: 31: PORTC = 0x00;
   214  00FFAA  0E00               	movlw	0
   215  00FFAC  6E82               	movwf	3970,c	;volatile
   216                           
   217                           ;Lab2p5.c: 32: PORTD = 0x00;
   218  00FFAE  0E00               	movlw	0
   219  00FFB0  6E83               	movwf	3971,c	;volatile
   220  00FFB2  D000               	goto	l639
   221  00FFB4                     l639:
   222                           
   223                           ;Lab2p5.c: 34: {
   224                           ;Lab2p5.c: 35: for (i=0; i<8; i++)
   225  00FFB4  0E00               	movlw	0
   226  00FFB6  6E14               	movwf	main@i+1,c
   227  00FFB8  0E00               	movlw	0
   228  00FFBA  6E13               	movwf	main@i,c
   229  00FFBC                     l641:
   230  00FFBC  BE14               	btfsc	main@i+1,7,c
   231  00FFBE  D008               	goto	l645
   232  00FFC0  5014               	movf	main@i+1,w,c
   233  00FFC2  E1F8               	bnz	l639
   234  00FFC4  0E08               	movlw	8
   235  00FFC6  5C13               	subwf	main@i,w,c
   236  00FFC8  B0D8               	btfsc	status,0,c
   237  00FFCA  D7F4               	goto	l639
   238  00FFCC  D001               	goto	l645
   239  00FFCE  D7F2               	goto	l639
   240  00FFD0                     l645:
   241                           
   242                           ;Lab2p5.c: 36: {
   243                           ;Lab2p5.c: 37: PORTD = Darray[i];
   244  00FFD0  0E03               	movlw	low main@Darray
   245  00FFD2  2413               	addwf	main@i,w,c
   246  00FFD4  6ED9               	movwf	fsr2l,c
   247  00FFD6  0E00               	movlw	high main@Darray
   248  00FFD8  2014               	addwfc	main@i+1,w,c
   249  00FFDA  6EDA               	movwf	fsr2h,c
   250  00FFDC  50DF               	movf	indf2,w,c
   251  00FFDE  6E83               	movwf	3971,c	;volatile
   252                           
   253                           ;Lab2p5.c: 38: PORTC = Carray[i];
   254  00FFE0  0E0B               	movlw	low main@Carray
   255  00FFE2  2413               	addwf	main@i,w,c
   256  00FFE4  6ED9               	movwf	fsr2l,c
   257  00FFE6  0E00               	movlw	high main@Carray
   258  00FFE8  2014               	addwfc	main@i+1,w,c
   259  00FFEA  6EDA               	movwf	fsr2h,c
   260  00FFEC  50DF               	movf	indf2,w,c
   261  00FFEE  6E82               	movwf	3970,c	;volatile
   262                           
   263                           ;Lab2p5.c: 40: Delay_One_Sec();
   264  00FFF0  EC95  F07F         	call	_Delay_One_Sec	;wreg free
   265  00FFF4  4A13               	infsnz	main@i,f,c
   266  00FFF6  2A14               	incf	main@i+1,f,c
   267  00FFF8  D7E1               	goto	l641
   268  00FFFA  D7DC               	goto	l639
   269  00FFFC  EF00  F000         	goto	start
   270  010000                     __end_of_main:
   271                           	opt stack 0
   272                           tblptru	equ	0xFF8
   273                           tblptrh	equ	0xFF7
   274                           tblptrl	equ	0xFF6
   275                           tablat	equ	0xFF5
   276                           postinc0	equ	0xFEE
   277                           wreg	equ	0xFE8
   278                           postdec1	equ	0xFE5
   279                           plusw1	equ	0xFE3
   280                           fsr1l	equ	0xFE1
   281                           indf2	equ	0xFDF
   282                           plusw2	equ	0xFDB
   283                           fsr2h	equ	0xFDA
   284                           fsr2l	equ	0xFD9
   285                           status	equ	0xFD8
   286                           
   287 ;; *************** function _Delay_One_Sec *****************
   288 ;; Defined at:
   289 ;;		line 11 in file "Lab2p5.c"
   290 ;; Parameters:    Size  Location     Type
   291 ;;		None
   292 ;; Auto vars:     Size  Location     Type
   293 ;;  I               2    0[COMRAM] int 
   294 ;; Return value:  Size  Location     Type
   295 ;;		None               void
   296 ;; Registers used:
   297 ;;		wreg, status,2, status,0
   298 ;; Tracked objects:
   299 ;;		On entry : 0/0
   300 ;;		On exit  : 0/0
   301 ;;		Unchanged: 0/0
   302 ;; Data sizes:     COMRAM   BANK0   BANK1   BANK2   BANK3   BANK4   BANK5   BANK6   BANK7   BANK8   BANK9  BANK10  BANK1
      +1  BANK12  BANK13  BANK14  BANK15
   303 ;;      Params:         0       0       0       0       0       0       0       0       0       0       0       0       
      +0       0       0       0       0
   304 ;;      Locals:         2       0       0       0       0       0       0       0       0       0       0       0       
      +0       0       0       0       0
   305 ;;      Temps:          0       0       0       0       0       0       0       0       0       0       0       0       
      +0       0       0       0       0
   306 ;;      Totals:         2       0       0       0       0       0       0       0       0       0       0       0       
      +0       0       0       0       0
   307 ;;Total ram usage:        2 bytes
   308 ;; Hardware stack levels used:    1
   309 ;; This function calls:
   310 ;;		Nothing
   311 ;; This function is called by:
   312 ;;		_main
   313 ;; This function uses a non-reentrant model
   314 ;;
   315                           
   316                           	psect	text1
   317  00FF2A                     __ptext1:
   318                           	opt stack 0
   319  00FF2A                     _Delay_One_Sec:
   320                           	opt stack 30
   321                           
   322                           ;Lab2p5.c: 13: for (int I=0; I<17000;I++);
   323                           
   324                           ;incstack = 0
   325  00FF2A  0E00               	movlw	0
   326  00FF2C  6E02               	movwf	Delay_One_Sec@I+1,c
   327  00FF2E  0E00               	movlw	0
   328  00FF30  6E01               	movwf	Delay_One_Sec@I,c
   329  00FF32                     l615:
   330  00FF32  BE02               	btfsc	Delay_One_Sec@I+1,7,c
   331  00FF34  D008               	goto	l619
   332  00FF36  0E68               	movlw	104
   333  00FF38  5C01               	subwf	Delay_One_Sec@I,w,c
   334  00FF3A  0E42               	movlw	66
   335  00FF3C  5802               	subwfb	Delay_One_Sec@I+1,w,c
   336  00FF3E  B0D8               	btfsc	status,0,c
   337  00FF40  D005               	goto	l19
   338  00FF42  D001               	goto	l619
   339  00FF44  D003               	goto	l19
   340  00FF46                     l619:
   341  00FF46  4A01               	infsnz	Delay_One_Sec@I,f,c
   342  00FF48  2A02               	incf	Delay_One_Sec@I+1,f,c
   343  00FF4A  D7F3               	goto	l615
   344  00FF4C                     l19:
   345  00FF4C  0012               	return		;funcret
   346  00FF4E                     __end_of_Delay_One_Sec:
   347                           	opt stack 0
   348  0000                     tblptru	equ	0xFF8
   349                           tblptrh	equ	0xFF7
   350                           tblptrl	equ	0xFF6
   351                           tablat	equ	0xFF5
   352                           postinc0	equ	0xFEE
   353                           wreg	equ	0xFE8
   354                           postdec1	equ	0xFE5
   355                           plusw1	equ	0xFE3
   356                           fsr1l	equ	0xFE1
   357                           indf2	equ	0xFDF
   358                           plusw2	equ	0xFDB
   359                           fsr2h	equ	0xFDA
   360                           fsr2l	equ	0xFD9
   361                           status	equ	0xFD8
   362                           tblptru	equ	0xFF8
   363                           tblptrh	equ	0xFF7
   364                           tblptrl	equ	0xFF6
   365                           tablat	equ	0xFF5
   366                           postinc0	equ	0xFEE
   367                           wreg	equ	0xFE8
   368                           postdec1	equ	0xFE5
   369                           plusw1	equ	0xFE3
   370                           fsr1l	equ	0xFE1
   371                           indf2	equ	0xFDF
   372                           plusw2	equ	0xFDB
   373                           fsr2h	equ	0xFDA
   374                           fsr2l	equ	0xFD9
   375                           status	equ	0xFD8
   376                           
   377                           	psect	rparam
   378  0000                     tblptru	equ	0xFF8
   379                           tblptrh	equ	0xFF7
   380                           tblptrl	equ	0xFF6
   381                           tablat	equ	0xFF5
   382                           postinc0	equ	0xFEE
   383                           wreg	equ	0xFE8
   384                           postdec1	equ	0xFE5
   385                           plusw1	equ	0xFE3
   386                           fsr1l	equ	0xFE1
   387                           indf2	equ	0xFDF
   388                           plusw2	equ	0xFDB
   389                           fsr2h	equ	0xFDA
   390                           fsr2l	equ	0xFD9
   391                           status	equ	0xFD8


Data Sizes:
    Strings     0
    Constant    0
    Data        16
    BSS         0
    Persistent  0
    Stack       0

Auto Spaces:
    Space          Size  Autos    Used
    COMRAM          127     20      36
    BANK0           128      0       0
    BANK1           256      0       0
    BANK2           256      0       0
    BANK3           256      0       0
    BANK4           256      0       0
    BANK5           256      0       0
    BANK6           256      0       0
    BANK7           256      0       0
    BANK8           256      0       0
    BANK9           256      0       0
    BANK10          256      0       0
    BANK11          256      0       0
    BANK12          256      0       0
    BANK13          256      0       0
    BANK14          256      0       0
    BANK15          128      0       0

Pointer List with Targets:

    None.

Critical Paths under _main in COMRAM

    _main->_Delay_One_Sec

Critical Paths under _main in BANK0

    None.

Critical Paths under _main in BANK1

    None.

Critical Paths under _main in BANK2

    None.

Critical Paths under _main in BANK3

    None.

Critical Paths under _main in BANK4

    None.

Critical Paths under _main in BANK5

    None.

Critical Paths under _main in BANK6

    None.

Critical Paths under _main in BANK7

    None.

Critical Paths under _main in BANK8

    None.

Critical Paths under _main in BANK9

    None.

Critical Paths under _main in BANK10

    None.

Critical Paths under _main in BANK11

    None.

Critical Paths under _main in BANK12

    None.

Critical Paths under _main in BANK13

    None.

Critical Paths under _main in BANK14

    None.

Critical Paths under _main in BANK15

    None.

Call Graph Tables:

 ---------------------------------------------------------------------------------
 (Depth) Function   	        Calls       Base Space   Used Autos Params    Refs
 ---------------------------------------------------------------------------------
 (0) _main                                                18    18      0     120
                                              2 COMRAM    18    18      0
                      _Delay_One_Sec
 ---------------------------------------------------------------------------------
 (1) _Delay_One_Sec                                        2     2      0      30
                                              0 COMRAM     2     2      0
 ---------------------------------------------------------------------------------
 Estimated maximum stack depth 1
 ---------------------------------------------------------------------------------

 Call Graph Graphs:

 _main (ROOT)
   _Delay_One_Sec

 Address spaces:
Name               Size   Autos  Total    Cost      Usage
BIGRAM             F7F      0       0      37        0.0%
EEDATA             400      0       0       0        0.0%
BITBANK14          100      0       0      32        0.0%
BANK14             100      0       0      33        0.0%
BITBANK13          100      0       0      30        0.0%
BANK13             100      0       0      31        0.0%
BITBANK12          100      0       0      28        0.0%
BANK12             100      0       0      29        0.0%
BITBANK11          100      0       0      26        0.0%
BANK11             100      0       0      27        0.0%
BITBANK10          100      0       0      24        0.0%
BANK10             100      0       0      25        0.0%
BITBANK9           100      0       0      22        0.0%
BANK9              100      0       0      23        0.0%
BITBANK8           100      0       0      20        0.0%
BANK8              100      0       0      21        0.0%
BITBANK7           100      0       0      18        0.0%
BANK7              100      0       0      19        0.0%
BITBANK6           100      0       0      16        0.0%
BANK6              100      0       0      17        0.0%
BITBANK5           100      0       0      14        0.0%
BANK5              100      0       0      15        0.0%
BITBANK4           100      0       0      12        0.0%
BANK4              100      0       0      13        0.0%
BITBANK3           100      0       0      10        0.0%
BANK3              100      0       0      11        0.0%
BITBANK2           100      0       0       8        0.0%
BANK2              100      0       0       9        0.0%
BITBANK1           100      0       0       6        0.0%
BANK1              100      0       0       7        0.0%
BITBANK15           80      0       0      35        0.0%
BANK15              80      0       0      36        0.0%
BITBANK0            80      0       0       4        0.0%
BANK0               80      0       0       5        0.0%
BITCOMRAM           7F      0       0       0        0.0%
COMRAM              7F     14      24       1       28.3%
BITSFR               0      0       0      40        0.0%
SFR                  0      0       0      40        0.0%
STACK                0      0       0       2        0.0%
NULL                 0      0       0       0        0.0%
ABS                  0      0      24      34        0.0%
DATA                 0      0      24       3        0.0%
CODE                 0      0       0       0        0.0%


Microchip Technology PIC18 Macro Assembler V1.34 build -361300703 
Symbol Table                                                                                   Fri Sep 03 17:17:22 2021

                     l19 FF4C                       u31 FF7E                       u41 FF90  
                    l615 FF32                      l641 FFBC                      l619 FF46  
                    l645 FFD0                      l639 FFB4                      wreg 000FE8  
           __CFG_LVP$OFF 000000             __CFG_WDT$OFF 000000                     _main FF74  
                   fsr1l 000FE1                     indf2 000FDF                     fsr2l 000FD9  
                   start 0000             ___param_bank 000010                    ?_main 0001  
                  _PORTB 000F81                    _PORTC 000F82                    _PORTD 000F83  
                  _TRISA 000F92                    _TRISB 000F93                    _TRISC 000F94  
                  _TRISD 000F95                    main@i 0013           __CFG_BOREN$OFF 000000  
                  tablat 000FF5                    plusw1 000FE3                    plusw2 000FDB  
                  status 000FD8          __initialization FF4E             __end_of_main 0000  
                 ??_main 0003            __activetblptr 000000             __pdataCOMRAM 0015  
                 tblptrh 000FF7                   tblptrl 000FF6                   tblptru 000FF8  
             __accesstop 0080  __end_of__initialization FF6E            ___rparam_used 000001  
         __pcstackCOMRAM 0001           Delay_One_Sec@I 0001   __size_of_Delay_One_Sec 0024  
                __Hparam 0000                  __Lparam 0000                  __pcinit FF4E  
                __ramtop 1000                  __ptext0 FF74                  __ptext1 FF2A  
   end_of_initialization FF6E            _Delay_One_Sec FF2A                  postdec1 000FE5  
                postinc0 000FEE               main@Carray 000B               main@Darray 0003  
         ?_Delay_One_Sec 0001            __pidataCOMRAM FF1A      start_initialization FF4E  
       __CFG_OSC$INTIO67 000000          ??_Delay_One_Sec 0001                main@F3451 0015  
              main@F3453 001D                copy_data0 FF62                 __Hrparam 0000  
               __Lrparam 0000            __size_of_main 008C    __end_of_Delay_One_Sec FF4E  
